#-----------------------------------------------------------
# Vivado v2024.2 (64-bit)
# SW Build 5239630 on Fri Nov 08 22:35:27 MST 2024
# IP Build 5239520 on Sun Nov 10 16:12:51 MST 2024
# SharedData Build 5239561 on Fri Nov 08 14:39:27 MST 2024
# Start of session at: Wed Sep 17 02:35:54 2025
# Process ID         : 20132
# Current directory  : D:/project_2Final_ANN
# Command line       : vivado.exe -gui_launcher_event rodinguilauncherevent18948 D:\project_2Final_ANN\project_2Final_ANN.xpr
# Log file           : D:/project_2Final_ANN/vivado.log
# Journal file       : D:/project_2Final_ANN\vivado.jou
# Running On         : DESKTOP-UR0PACQ
# Platform           : Windows Server 2016 or Windows 10
# Operating System   : 26100
# Processor Detail   : 11th Gen Intel(R) Core(TM) i3-1115G4 @ 3.00GHz
# CPU Frequency      : 2995 MHz
# CPU Physical cores : 2
# CPU Logical cores  : 4
# Host memory        : 8311 MB
# Swap memory        : 8933 MB
# Total Virtual      : 17245 MB
# Available Virtual  : 1075 MB
#-----------------------------------------------------------
start_gui
open_project D:/project_2Final_ANN/project_2Final_ANN.xpr
WARNING: [Board 49-91] Board repository path 'C:/Windows/System32/Maity/AppData/Roaming/Xilinx/Vivado/Maity/AppData/Roaming/Xilinx/Vivado/Maity/AppData/Roaming/Xilinx/Vivado/Maity/AppData/Roaming/Xilinx/Vivado/Maity/AppData/Roaming/Xilinx/Vivado/Maity/AppData/Roaming/Xilinx/Vivado/Maity/AppData/Roaming/Xilinx/Vivado/Maity/AppData/Roaming/Xilinx/Vivado/Maity/AppData/Roaming/Xilinx/Vivado/Maity/AppData/Roaming/Xilinx/Vivado/Maity/AppData/Roaming/Xilinx/Vivado/Maity/AppData/Roaming/Xilinx/Vivado/Maity/AppData/Roaming/Xilinx/Vivado/Maity/AppData/Roaming/Xilinx/Vivado/Maity/AppData/Roaming/Xilinx/Vivado/Maity/AppData/Roaming/Xilinx/Vivado/Maity/AppData/Roaming/Xilinx/Vivado/Maity/AppData/Roaming/Xilinx/Vivado/Maity/AppData/Roaming/Xilinx/Vivado/Maity/AppData/Roaming/Xilinx/Vivado/Maity/AppData/Roaming/Xilinx/Vivado/Maity/AppData/Roaming/Xilinx/Vivado/Maity/AppData/Roaming/Xilinx/Vivado/Maity/AppData/Roaming/Xilinx/Vivado/Maity/AppData/Roaming/Xilinx/Vivado/Maity/AppData/Roaming/Xilinx/Vivado/Maity/AppData/Roaming/Xilinx/Vivado/2024.2/xhub/board_store/xilinx_board_store' does not exist, it will not be used to search board files.
WARNING: [Board 49-91] Board repository path 'C:/Xilinx/Vivado/Boards' does not exist, it will not be used to search board files.
WARNING: [Board 49-26] cannot add Board Part xilinx.com:zcu208ld:part0:2.0 available at D:/Vivado/2024.2/data/xhub/boards/XilinxBoardStore/boards/Xilinx/zcu208ld/production/2.0/board.xml as part xczu58dr-fsvg1517-2-i specified in board_part file is either invalid or not available
WARNING: [Board 49-26] cannot add Board Part xilinx.com:zcu216ld:part0:2.0 available at D:/Vivado/2024.2/data/xhub/boards/XilinxBoardStore/boards/Xilinx/zcu216ld/production/2.0/board.xml as part xczu59dr-ffvf1760-2-i specified in board_part file is either invalid or not available
WARNING: [Board 49-26] cannot add Board Part xilinx.com:zcu670ld:part0:1.0 available at D:/Vivado/2024.2/data/xhub/boards/XilinxBoardStore/boards/Xilinx/zcu670ld/1.0/board.xml as part xczu57dr-fsve1156-2-i specified in board_part file is either invalid or not available
WARNING: [Board 49-91] Board repository path 'C:/Windows/System32/Maity/AppData/Roaming/Xilinx/Vivado/Maity/AppData/Roaming/Xilinx/Vivado/Maity/AppData/Roaming/Xilinx/Vivado/Maity/AppData/Roaming/Xilinx/Vivado/Maity/AppData/Roaming/Xilinx/Vivado/Maity/AppData/Roaming/Xilinx/Vivado/Maity/AppData/Roaming/Xilinx/Vivado/Maity/AppData/Roaming/Xilinx/Vivado/Maity/AppData/Roaming/Xilinx/Vivado/Maity/AppData/Roaming/Xilinx/Vivado/Maity/AppData/Roaming/Xilinx/Vivado/Maity/AppData/Roaming/Xilinx/Vivado/Maity/AppData/Roaming/Xilinx/Vivado/Maity/AppData/Roaming/Xilinx/Vivado/Maity/AppData/Roaming/Xilinx/Vivado/Maity/AppData/Roaming/Xilinx/Vivado/Maity/AppData/Roaming/Xilinx/Vivado/Maity/AppData/Roaming/Xilinx/Vivado/Maity/AppData/Roaming/Xilinx/Vivado/Maity/AppData/Roaming/Xilinx/Vivado/Maity/AppData/Roaming/Xilinx/Vivado/Maity/AppData/Roaming/Xilinx/Vivado/Maity/AppData/Roaming/Xilinx/Vivado/Maity/AppData/Roaming/Xilinx/Vivado/Maity/AppData/Roaming/Xilinx/Vivado/Maity/AppData/Roaming/Xilinx/Vivado/Maity/AppData/Roaming/Xilinx/Vivado/2024.2/xhub/board_store/xilinx_board_store' does not exist, it will not be used to search board files.
WARNING: [Board 49-91] Board repository path 'C:/Xilinx/Vivado/Boards' does not exist, it will not be used to search board files.
INFO: [Project 1-313] Project file moved from 'D:/verilog_11/project_2Final_ANN' since last save.
INFO: [filemgmt 56-3] Default IP Output Path : Could not find the directory 'D:/project_2Final_ANN/project_2Final_ANN.gen/sources_1'.
Scanning sources...
Finished scanning sources
INFO: [IP_Flow 19-234] Refreshing IP repositories
INFO: [IP_Flow 19-1704] No user IP repositories specified
INFO: [IP_Flow 19-2313] Loaded Vivado IP repository 'D:/Vivado/2024.2/data/ip'.
open_project: Time (s): cpu = 00:00:22 ; elapsed = 00:00:32 . Memory (MB): peak = 1259.848 ; gain = 208.414
update_compile_order -fileset sources_1
exit
INFO: [Common 17-206] Exiting Vivado at Wed Sep 17 02:38:07 2025...
